<?xml version="1.0" encoding="utf-8"?>
<shfbBuild product="Sandcastle Help File Builder" version="2015.1.12.0" projectFile="C:\Vi\Code\CSharp\Vi\Sandcastle.shfbproj" started="01/10/2016 19:55:12">
<buildStep step="Initializing">
Finding tools...
The Sandcastle tools are located in &#39;C:\Program Files (x86)\EWSoftware\Sandcastle Help File Builder\&#39;
Searching for HTML Help 1 compiler...
Found HTML Help 1 compiler in &#39;C:\Program Files (x86)\HTML Help Workshop\&#39;
Locating components in the following folder(s):
   C:\Vi\Code\CSharp\Vi
Using presentation style &#39;VS2013&#39; located in &#39;C:\Program Files (x86)\EWSoftware\Sandcastle Help File Builder\PresentationStyles\VS2013&#39;
Loading and initializing plug-ins...
Lightweight Website Style Version 2015.1.12.0
Copyright &#169; 2006-2015, Eric Woodruff, All Rights Reserved
Portions Copyright &#169; 2014, Sam Harwell, All Rights Reserved
</buildStep>
<buildStep step="ValidatingDocumentationSources">
Validating and copying documentation source information
Source: C:\Vi\Code\CSharp\Log4Vi\bin\Debug\Log4Vi.dll
    Found assembly &#39;C:\Vi\Code\CSharp\Log4Vi\bin\Debug\Log4Vi.dll&#39;
Source: C:\Vi\Code\CSharp\Log4Vi\bin\Debug\Log4Vi.xml
Source: C:\Vi\Code\CSharp\Vi\bin\Debug\Vi.dll
    Found assembly &#39;C:\Vi\Code\CSharp\Vi\bin\Debug\Vi.dll&#39;
Source: C:\Vi\Code\CSharp\Vi\bin\Debug\Vi.XML

Copying XML comments files
    C:\Vi\Code\CSharp\Log4Vi\bin\Debug\Log4Vi.xml -&gt; C:\Vi\Code\CSharp\Vi\Help\Working\Log4Vi.xml
    C:\Vi\Code\CSharp\Vi\bin\Debug\Vi.XML -&gt; C:\Vi\Code\CSharp\Vi\Help\Working\Vi.XML
</buildStep>
<buildStep step="GenerateSharedContent">
Generating shared content files (en-US, English (United States))...
<plugIn name="Lightweight Website Style" behavior="After" priority="1000">
</plugIn>    Last step completed in 00:00:00.0070
</buildStep>
<buildStep step="GenerateApiFilter">
Generating API filter for MRefBuilder...
    Last step completed in 00:00:00.0110
</buildStep>
<buildStep step="GenerateReflectionInfo">
Generating reflection information...
[C:\Windows\Microsoft.NET\Framework64\v4.0.30319\MSBuild.exe]
Build started 01/10/2016 19:55:13.
Project &quot;C:\Vi\Code\CSharp\Vi\Help\Working\GenerateRefInfo.proj&quot; on node 1 (default targets).
PrepareForBuild:
  Creating directory &quot;obj\Debug\&quot;.
GenerateRefInfo:
  MRefBuilder (v2015.1.12.0)
  Copyright &#184; 2006-2015, Microsoft Corporation, All Rights Reserved.
  Portions Copyright &#184; 2006-2014, Eric Woodruff, All Rights Reserved.
  Loaded 2 assemblies for reflection and 1 dependency assemblies.
  Wrote information on 2 namespaces, 12 types, and 88 members
  Copying file from &quot;reflection.org&quot; to &quot;reflection.all&quot;.
  XslTransform (v2015.1.12.0)
  Copyright &#184; 2006-2015, Microsoft Corporation, All Rights Reserved.
  Portions Copyright &#184; 2006-2014, Eric Woodruff, All Rights Reserved.
  Applying XSL transformation &#39;C:\Program Files (x86)\EWSoftware\Sandcastle Help File Builder\ProductionTransforms\MergeDuplicates.xsl&#39;.
Done Building Project &quot;C:\Vi\Code\CSharp\Vi\Help\Working\GenerateRefInfo.proj&quot; (default targets).

Build succeeded.

Time Elapsed 00:00:00.80
    Last step completed in 00:00:00.9470
</buildStep>
<buildStep step="TransformReflectionInfo">
Transforming reflection output...
[C:\Windows\Microsoft.NET\Framework64\v4.0.30319\MSBuild.exe]
Build started 01/10/2016 19:55:14.
Project &quot;C:\Vi\Code\CSharp\Vi\Help\Working\TransformManifest.proj&quot; on node 1 (default targets).
TransformManifest:
  XslTransform (v2015.1.12.0)
  Copyright &#184; 2006-2015, Microsoft Corporation, All Rights Reserved.
  Portions Copyright &#184; 2006-2014, Eric Woodruff, All Rights Reserved.
  Applying XSL transformation &#39;C:\Program Files (x86)\EWSoftware\Sandcastle Help File Builder\\ProductionTransforms\ApplyVSDocModel.xsl&#39;.
  Copying file from &quot;reflection.xml&quot; to &quot;reflection.nofilenames&quot;.
  XslTransform (v2015.1.12.0)
  Copyright &#184; 2006-2015, Microsoft Corporation, All Rights Reserved.
  Portions Copyright &#184; 2006-2014, Eric Woodruff, All Rights Reserved.
  Applying XSL transformation &#39;C:\Program Files (x86)\EWSoftware\Sandcastle Help File Builder\ProductionTransforms\AddFilenames.xsl&#39;.
  XslTransform (v2015.1.12.0)
  Copyright &#184; 2006-2015, Microsoft Corporation, All Rights Reserved.
  Portions Copyright &#184; 2006-2014, Eric Woodruff, All Rights Reserved.
  Applying XSL transformation &#39;C:\Program Files (x86)\EWSoftware\Sandcastle Help File Builder\ProductionTransforms\ReflectionToManifest.xsl&#39;.
Done Building Project &quot;C:\Vi\Code\CSharp\Vi\Help\Working\TransformManifest.proj&quot; (default targets).

Build succeeded.

Time Elapsed 00:00:00.52
    Last step completed in 00:00:00.6952
</buildStep>
<buildStep step="GenerateNamespaceSummaries">
Generating namespace summary information...
    Last step completed in 00:00:00.0500
</buildStep>
<buildStep step="CopyConceptualContent">
Copying conceptual content...
Copying standard token shared content file...
Checking for other token files...
Checking for code snippets files...
Copying images and creating the media map file...
    C:\Vi\Code\CSharp\Vi\Logger\Images\LogDemo.png -&gt; C:\Vi\Code\CSharp\Vi\Help\Working\Media\LogDemo.png
    C:\Vi\Code\CSharp\Vi\Logger\Images\LoggerSmall.png -&gt; C:\Vi\Code\CSharp\Vi\Help\Working\Media\LoggerSmall.png
Generating conceptual topic files
    Parsing topic file &#39;C:\Vi\Code\CSharp\Vi\Contents\Description.aml&#39;
    C:\Vi\Code\CSharp\Vi\Contents\Description.aml -&gt; C:\Vi\Code\CSharp\Vi\Help\Working\ddueXml\3c9c09ed-7f8e-4b02-84e8-bd7948586fcb.xml
    Last step completed in 00:00:00.0510
</buildStep>
<buildStep step="CreateConceptualTopicConfigs">
Creating conceptual topic configuration files...
    Companion files
    _ContentMetadata_.xml
    ConceptualManifest.xml
    Last step completed in 00:00:00.0286
</buildStep>
<buildStep step="CopyAdditionalContent">
Copying additional content files...
C:\Vi\Code\CSharp\Vi\Logger\Images\Console.png -&gt; C:\Vi\Code\CSharp\Vi\Help\Working\Output\HtmlHelp1\Logger\Images\Console.png
C:\Vi\Code\CSharp\Vi\Logger\Images\Console.png -&gt; C:\Vi\Code\CSharp\Vi\Help\Working\Output\Website\Logger\Images\Console.png
C:\Vi\Code\CSharp\Vi\Logger\Images\ILog.png -&gt; C:\Vi\Code\CSharp\Vi\Help\Working\Output\HtmlHelp1\Logger\Images\ILog.png
C:\Vi\Code\CSharp\Vi\Logger\Images\ILog.png -&gt; C:\Vi\Code\CSharp\Vi\Help\Working\Output\Website\Logger\Images\ILog.png
C:\Vi\Code\CSharp\Vi\Logger\Images\List4Log.example.JPG -&gt; C:\Vi\Code\CSharp\Vi\Help\Working\Output\HtmlHelp1\Logger\Images\List4Log.example.JPG
C:\Vi\Code\CSharp\Vi\Logger\Images\List4Log.example.JPG -&gt; C:\Vi\Code\CSharp\Vi\Help\Working\Output\Website\Logger\Images\List4Log.example.JPG
C:\Vi\Code\CSharp\Vi\Logger\Images\Logger.png -&gt; C:\Vi\Code\CSharp\Vi\Help\Working\Output\HtmlHelp1\Logger\Images\Logger.png
C:\Vi\Code\CSharp\Vi\Logger\Images\Logger.png -&gt; C:\Vi\Code\CSharp\Vi\Help\Working\Output\Website\Logger\Images\Logger.png
C:\Vi\Code\CSharp\Vi\Logger\Images\Project.JPG -&gt; C:\Vi\Code\CSharp\Vi\Help\Working\Output\HtmlHelp1\Logger\Images\Project.JPG
C:\Vi\Code\CSharp\Vi\Logger\Images\Project.JPG -&gt; C:\Vi\Code\CSharp\Vi\Help\Working\Output\Website\Logger\Images\Project.JPG
C:\Vi\Code\CSharp\Vi\Logger\Images\Vi.FakeLog.png -&gt; C:\Vi\Code\CSharp\Vi\Help\Working\Output\HtmlHelp1\Logger\Images\Vi.FakeLog.png
C:\Vi\Code\CSharp\Vi\Logger\Images\Vi.FakeLog.png -&gt; C:\Vi\Code\CSharp\Vi\Help\Working\Output\Website\Logger\Images\Vi.FakeLog.png
C:\Vi\Code\CSharp\Vi\Logger\Images\Vi.FormatClass.png -&gt; C:\Vi\Code\CSharp\Vi\Help\Working\Output\HtmlHelp1\Logger\Images\Vi.FormatClass.png
C:\Vi\Code\CSharp\Vi\Logger\Images\Vi.FormatClass.png -&gt; C:\Vi\Code\CSharp\Vi\Help\Working\Output\Website\Logger\Images\Vi.FormatClass.png
C:\Vi\Code\CSharp\Vi\Logger\Images\Vi.List4Log.png -&gt; C:\Vi\Code\CSharp\Vi\Help\Working\Output\HtmlHelp1\Logger\Images\Vi.List4Log.png
C:\Vi\Code\CSharp\Vi\Logger\Images\Vi.List4Log.png -&gt; C:\Vi\Code\CSharp\Vi\Help\Working\Output\Website\Logger\Images\Vi.List4Log.png
C:\Vi\Code\CSharp\Vi\Logger\Images\Vi.Log4Vi.Tools.png -&gt; C:\Vi\Code\CSharp\Vi\Help\Working\Output\HtmlHelp1\Logger\Images\Vi.Log4Vi.Tools.png
C:\Vi\Code\CSharp\Vi\Logger\Images\Vi.Log4Vi.Tools.png -&gt; C:\Vi\Code\CSharp\Vi\Help\Working\Output\Website\Logger\Images\Vi.Log4Vi.Tools.png
C:\Vi\Code\CSharp\Vi\Logger\Images\Vi.Wrapper.png -&gt; C:\Vi\Code\CSharp\Vi\Help\Working\Output\HtmlHelp1\Logger\Images\Vi.Wrapper.png
C:\Vi\Code\CSharp\Vi\Logger\Images\Vi.Wrapper.png -&gt; C:\Vi\Code\CSharp\Vi\Help\Working\Output\Website\Logger\Images\Vi.Wrapper.png
    Last step completed in 00:00:00.0972
</buildStep>
<buildStep step="MergeTablesOfContents">
Merging conceptual and additional tables of contents...
    Last step completed in 00:00:00.0033
</buildStep>
<buildStep step="GenerateIntermediateTableOfContents">
Generating intermediate table of contents file...
[C:\Windows\Microsoft.NET\Framework64\v4.0.30319\MSBuild.exe]
Build started 01/10/2016 19:55:15.
Project &quot;C:\Vi\Code\CSharp\Vi\Help\Working\GenerateIntermediateTOC.proj&quot; on node 1 (default targets).
GenerateIntermediateTOC:
  XslTransform (v2015.1.12.0)
  Copyright &#184; 2006-2015, Microsoft Corporation, All Rights Reserved.
  Portions Copyright &#184; 2006-2014, Eric Woodruff, All Rights Reserved.
  Applying XSL transformation &#39;C:\Program Files (x86)\EWSoftware\Sandcastle Help File Builder\\ProductionTransforms\CreateVSToc.xsl&#39;.
Done Building Project &quot;C:\Vi\Code\CSharp\Vi\Help\Working\GenerateIntermediateTOC.proj&quot; (default targets).

Build succeeded.

Time Elapsed 00:00:00.15
Generating conceptual content intermediate TOC file...
    Last step completed in 00:00:00.3024
</buildStep>
<buildStep step="CreateBuildAssemblerConfigs">
Creating Sandcastle configuration files...
    sandcastle.config
    conceptual.config
    Last step completed in 00:00:00.4585
</buildStep>
<buildStep step="MergeCustomConfigs">
Merging custom build component configurations
C:\Vi\Code\CSharp\Vi\Help\Working\sandcastle.config
C:\Vi\Code\CSharp\Vi\Help\Working\conceptual.config
    Removing unused ExampleComponent.
    Last step completed in 00:00:00.1152
</buildStep>
<buildStep step="BuildConceptualTopics">
Building conceptual help topics...
[C:\Windows\Microsoft.NET\Framework64\v4.0.30319\MSBuild.exe]
Build started 01/10/2016 19:55:16.
Project &quot;C:\Vi\Code\CSharp\Vi\Help\Working\BuildConceptualTopics.proj&quot; on node 1 (default targets).
BuildConceptualTopics:
  BuildAssembler (v2015.1.12.0)
  Copyright &#184; 2006-2015, Microsoft Corporation, All Rights Reserved.
  Portions Copyright &#184; 2006-2014, Eric Woodruff, All Rights Reserved.
  Loading configuration...
  Processing topics...
  Processed 1 topic(s)
  CopyFromIndexComponent: &quot;metadata&quot; in-memory cache entries used: 1 of 15.
Done Building Project &quot;C:\Vi\Code\CSharp\Vi\Help\Working\BuildConceptualTopics.proj&quot; (default targets).

Build succeeded.

Time Elapsed 00:00:05.37
    Last step completed in 00:00:05.5999
</buildStep>
<buildStep step="BuildReferenceTopics">
Building reference help topics...
[C:\Windows\Microsoft.NET\Framework64\v4.0.30319\MSBuild.exe]
Build started 01/10/2016 19:55:21.
Project &quot;C:\Vi\Code\CSharp\Vi\Help\Working\BuildReferenceTopics.proj&quot; on node 1 (default targets).
BuildReferenceTopics:
  BuildAssembler (v2015.1.12.0)
  Copyright &#184; 2006-2015, Microsoft Corporation, All Rights Reserved.
  Portions Copyright &#184; 2006-2014, Eric Woodruff, All Rights Reserved.
  Loading configuration...
  Processing topics...
BuildAssembler : warning : ResolveReferenceLinksComponent: [M:Vi.Log4Vi.Logger.#ctor(log4net.ILog)] Unknown reference link target &#39;T:log4net.ILog&#39;. [C:\Vi\Code\CSharp\Vi\Help\Working\BuildReferenceTopics.proj]
BuildAssembler : warning : ResolveReferenceLinksComponent: [M:Vi.Log4Vi.Logger.#ctor(log4net.ILog)] Unknown reference link target &#39;T:log4net.ILog&#39;. [C:\Vi\Code\CSharp\Vi\Help\Working\BuildReferenceTopics.proj]
BuildAssembler : warning : ResolveReferenceLinksComponent: [F:Vi.Log4Vi.Logger.Log] Unknown reference link target &#39;T:log4net.ILog&#39;. [C:\Vi\Code\CSharp\Vi\Help\Working\BuildReferenceTopics.proj]
BuildAssembler : warning : ResolveReferenceLinksComponent: [F:Vi.Log4Vi.Logger.Log] Unknown reference link target &#39;T:log4net.ILog&#39;. [C:\Vi\Code\CSharp\Vi\Help\Working\BuildReferenceTopics.proj]
BuildAssembler : warning : ResolveReferenceLinksComponent: [M:Vi.Log4Vi.Tools.GetFileAppender(System.String,System.String,System.String,log4net.Filter.LevelRangeFilter,System.String)] Unknown reference link target &#39;T:log4net.Filter.LevelRangeFilter&#39;. [C:\Vi\Code\CSharp\Vi\Help\Working\BuildReferenceTopics.proj]
BuildAssembler : warning : ResolveReferenceLinksComponent: [M:Vi.Log4Vi.Tools.GetFileAppender(System.String,System.String,System.String,log4net.Filter.LevelRangeFilter,System.String)] Unknown reference link target &#39;T:log4net.Appender.RollingFileAppender&#39;. [C:\Vi\Code\CSharp\Vi\Help\Working\BuildReferenceTopics.proj]
BuildAssembler : warning : ResolveReferenceLinksComponent: [M:Vi.Log4Vi.Tools.GetFileAppender(System.String,System.String,System.String,log4net.Filter.LevelRangeFilter,System.String)] Unknown reference link target &#39;T:log4net.Filter.LevelRangeFilter&#39;. [C:\Vi\Code\CSharp\Vi\Help\Working\BuildReferenceTopics.proj]
BuildAssembler : warning : ResolveReferenceLinksComponent: [M:Vi.Log4Vi.Tools.GetFileAppender(System.String,System.String,System.String,log4net.Filter.LevelRangeFilter,System.String)] Unknown reference link target &#39;T:log4net.Appender.RollingFileAppender&#39;. [C:\Vi\Code\CSharp\Vi\Help\Working\BuildReferenceTopics.proj]
BuildAssembler : warning : ResolveReferenceLinksComponent: [M:Vi.Log4Vi.Tools.GetLogger(System.String,System.Boolean)] Unknown reference link target &#39;T:log4net.ILog&#39;. [C:\Vi\Code\CSharp\Vi\Help\Working\BuildReferenceTopics.proj]
BuildAssembler : warning : ResolveReferenceLinksComponent: [M:Vi.Log4Vi.Tools.GetLogger(System.String,System.Boolean)] Unknown reference link target &#39;T:log4net.ILog&#39;. [C:\Vi\Code\CSharp\Vi\Help\Working\BuildReferenceTopics.proj]
BuildAssembler : warning : ResolveReferenceLinksComponent: [M:Vi.Log4Vi.Tools.GetLogger(System.String,System.String,System.Boolean)] Unknown reference link target &#39;T:log4net.ILog&#39;. [C:\Vi\Code\CSharp\Vi\Help\Working\BuildReferenceTopics.proj]
BuildAssembler : warning : ResolveReferenceLinksComponent: [M:Vi.Log4Vi.Tools.GetLogger(System.String,System.String,System.Boolean)] Unknown reference link target &#39;T:log4net.ILog&#39;. [C:\Vi\Code\CSharp\Vi\Help\Working\BuildReferenceTopics.proj]
  Processed 123 topic(s)
  12 warning(s)
  CopyFromIndexComponent: &quot;reflection&quot; in-memory cache entries used: 7 of 15.
  CopyFromIndexComponent: &quot;comments&quot; in-memory cache entries used: 2 of 30.
Done Building Project &quot;C:\Vi\Code\CSharp\Vi\Help\Working\BuildReferenceTopics.proj&quot; (default targets).

Build succeeded.

Time Elapsed 00:00:15.51
    Last step completed in 00:00:15.7056
</buildStep>
<buildStep step="CombiningIntermediateTocFiles">
Combining conceptual and API intermediate TOC files...

Clearing any prior web output
    Last step completed in 00:00:00.2370
</buildStep>
<buildStep step="ExtractingHtmlInfo">
Extracting HTML info for HTML Help 1 and/or website...
[C:\Windows\Microsoft.NET\Framework64\v4.0.30319\MSBuild.exe]
Sandcastle Help File Builder, version 2015.1.12.0
Copyright &#184; 2006-2015, Eric Woodruff, All Rights Reserved
E-Mail: Eric@EWoodruff.us

Using LCID &#39;1033&#39;, code page &#39;65001&#39;, encoding charset &#39;UTF-8&#39;.

Processing Help 1 files in C:\Vi\Code\CSharp\Vi\Help\Working\Output\HtmlHelp1
Processed 124 HTML files
Sorting keywords and generating See Also indices
Saving HTML Help 1 keyword index to C:\Vi\Code\CSharp\Vi\Help\Working\Documentation.hhk
Saving HTML Help 1 table of contents to C:\Vi\Code\CSharp\Vi\Help\Working\Documentation.hhc

Processing website files in C:\Vi\Code\CSharp\Vi\Help\Working\Output\Website
Processed 124 HTML files
Sorting keywords and generating See Also indices
Saving website keyword index to C:\Vi\Code\CSharp\Vi\Help\Working\WebKI.xml
Saving website table of contents to C:\Vi\Code\CSharp\Vi\Help\Working\WebTOC.xml
    Last step completed in 00:00:01.8315
</buildStep>
<buildStep step="CopyStandardHelpContent">
Copying standard help content...
C:\Program Files (x86)\EWSoftware\Sandcastle Help File Builder\PresentationStyles\VS2013\icons\AlertCaution.png -&gt; C:\Vi\Code\CSharp\Vi\Help\Working\Output\HtmlHelp1\icons\AlertCaution.png
C:\Program Files (x86)\EWSoftware\Sandcastle Help File Builder\PresentationStyles\VS2013\icons\AlertNote.png -&gt; C:\Vi\Code\CSharp\Vi\Help\Working\Output\HtmlHelp1\icons\AlertNote.png
C:\Program Files (x86)\EWSoftware\Sandcastle Help File Builder\PresentationStyles\VS2013\icons\AlertSecurity.png -&gt; C:\Vi\Code\CSharp\Vi\Help\Working\Output\HtmlHelp1\icons\AlertSecurity.png
C:\Program Files (x86)\EWSoftware\Sandcastle Help File Builder\PresentationStyles\VS2013\icons\CFW.gif -&gt; C:\Vi\Code\CSharp\Vi\Help\Working\Output\HtmlHelp1\icons\CFW.gif
C:\Program Files (x86)\EWSoftware\Sandcastle Help File Builder\PresentationStyles\VS2013\icons\CodeExample.png -&gt; C:\Vi\Code\CSharp\Vi\Help\Working\Output\HtmlHelp1\icons\CodeExample.png
C:\Program Files (x86)\EWSoftware\Sandcastle Help File Builder\PresentationStyles\VS2013\icons\favicon.ico -&gt; C:\Vi\Code\CSharp\Vi\Help\Working\Output\HtmlHelp1\icons\favicon.ico
C:\Program Files (x86)\EWSoftware\Sandcastle Help File Builder\PresentationStyles\VS2013\icons\privclass.gif -&gt; C:\Vi\Code\CSharp\Vi\Help\Working\Output\HtmlHelp1\icons\privclass.gif
C:\Program Files (x86)\EWSoftware\Sandcastle Help File Builder\PresentationStyles\VS2013\icons\privdelegate.gif -&gt; C:\Vi\Code\CSharp\Vi\Help\Working\Output\HtmlHelp1\icons\privdelegate.gif
C:\Program Files (x86)\EWSoftware\Sandcastle Help File Builder\PresentationStyles\VS2013\icons\privenumeration.gif -&gt; C:\Vi\Code\CSharp\Vi\Help\Working\Output\HtmlHelp1\icons\privenumeration.gif
C:\Program Files (x86)\EWSoftware\Sandcastle Help File Builder\PresentationStyles\VS2013\icons\privevent.gif -&gt; C:\Vi\Code\CSharp\Vi\Help\Working\Output\HtmlHelp1\icons\privevent.gif
C:\Program Files (x86)\EWSoftware\Sandcastle Help File Builder\PresentationStyles\VS2013\icons\privextension.gif -&gt; C:\Vi\Code\CSharp\Vi\Help\Working\Output\HtmlHelp1\icons\privextension.gif
C:\Program Files (x86)\EWSoftware\Sandcastle Help File Builder\PresentationStyles\VS2013\icons\privfield.gif -&gt; C:\Vi\Code\CSharp\Vi\Help\Working\Output\HtmlHelp1\icons\privfield.gif
C:\Program Files (x86)\EWSoftware\Sandcastle Help File Builder\PresentationStyles\VS2013\icons\privinterface.gif -&gt; C:\Vi\Code\CSharp\Vi\Help\Working\Output\HtmlHelp1\icons\privinterface.gif
C:\Program Files (x86)\EWSoftware\Sandcastle Help File Builder\PresentationStyles\VS2013\icons\privmethod.gif -&gt; C:\Vi\Code\CSharp\Vi\Help\Working\Output\HtmlHelp1\icons\privmethod.gif
C:\Program Files (x86)\EWSoftware\Sandcastle Help File Builder\PresentationStyles\VS2013\icons\privproperty.gif -&gt; C:\Vi\Code\CSharp\Vi\Help\Working\Output\HtmlHelp1\icons\privproperty.gif
C:\Program Files (x86)\EWSoftware\Sandcastle Help File Builder\PresentationStyles\VS2013\icons\privstructure.gif -&gt; C:\Vi\Code\CSharp\Vi\Help\Working\Output\HtmlHelp1\icons\privstructure.gif
C:\Program Files (x86)\EWSoftware\Sandcastle Help File Builder\PresentationStyles\VS2013\icons\protclass.gif -&gt; C:\Vi\Code\CSharp\Vi\Help\Working\Output\HtmlHelp1\icons\protclass.gif
C:\Program Files (x86)\EWSoftware\Sandcastle Help File Builder\PresentationStyles\VS2013\icons\protdelegate.gif -&gt; C:\Vi\Code\CSharp\Vi\Help\Working\Output\HtmlHelp1\icons\protdelegate.gif
C:\Program Files (x86)\EWSoftware\Sandcastle Help File Builder\PresentationStyles\VS2013\icons\protenumeration.gif -&gt; C:\Vi\Code\CSharp\Vi\Help\Working\Output\HtmlHelp1\icons\protenumeration.gif
C:\Program Files (x86)\EWSoftware\Sandcastle Help File Builder\PresentationStyles\VS2013\icons\protevent.gif -&gt; C:\Vi\Code\CSharp\Vi\Help\Working\Output\HtmlHelp1\icons\protevent.gif
C:\Program Files (x86)\EWSoftware\Sandcastle Help File Builder\PresentationStyles\VS2013\icons\protextension.gif -&gt; C:\Vi\Code\CSharp\Vi\Help\Working\Output\HtmlHelp1\icons\protextension.gif
C:\Program Files (x86)\EWSoftware\Sandcastle Help File Builder\PresentationStyles\VS2013\icons\protfield.gif -&gt; C:\Vi\Code\CSharp\Vi\Help\Working\Output\HtmlHelp1\icons\protfield.gif
C:\Program Files (x86)\EWSoftware\Sandcastle Help File Builder\PresentationStyles\VS2013\icons\protinterface.gif -&gt; C:\Vi\Code\CSharp\Vi\Help\Working\Output\HtmlHelp1\icons\protinterface.gif
C:\Program Files (x86)\EWSoftware\Sandcastle Help File Builder\PresentationStyles\VS2013\icons\protmethod.gif -&gt; C:\Vi\Code\CSharp\Vi\Help\Working\Output\HtmlHelp1\icons\protmethod.gif
C:\Program Files (x86)\EWSoftware\Sandcastle Help File Builder\PresentationStyles\VS2013\icons\protoperator.gif -&gt; C:\Vi\Code\CSharp\Vi\Help\Working\Output\HtmlHelp1\icons\protoperator.gif
C:\Program Files (x86)\EWSoftware\Sandcastle Help File Builder\PresentationStyles\VS2013\icons\protproperty.gif -&gt; C:\Vi\Code\CSharp\Vi\Help\Working\Output\HtmlHelp1\icons\protproperty.gif
C:\Program Files (x86)\EWSoftware\Sandcastle Help File Builder\PresentationStyles\VS2013\icons\protstructure.gif -&gt; C:\Vi\Code\CSharp\Vi\Help\Working\Output\HtmlHelp1\icons\protstructure.gif
C:\Program Files (x86)\EWSoftware\Sandcastle Help File Builder\PresentationStyles\VS2013\icons\pubclass.gif -&gt; C:\Vi\Code\CSharp\Vi\Help\Working\Output\HtmlHelp1\icons\pubclass.gif
C:\Program Files (x86)\EWSoftware\Sandcastle Help File Builder\PresentationStyles\VS2013\icons\pubdelegate.gif -&gt; C:\Vi\Code\CSharp\Vi\Help\Working\Output\HtmlHelp1\icons\pubdelegate.gif
C:\Program Files (x86)\EWSoftware\Sandcastle Help File Builder\PresentationStyles\VS2013\icons\pubenumeration.gif -&gt; C:\Vi\Code\CSharp\Vi\Help\Working\Output\HtmlHelp1\icons\pubenumeration.gif
C:\Program Files (x86)\EWSoftware\Sandcastle Help File Builder\PresentationStyles\VS2013\icons\pubevent.gif -&gt; C:\Vi\Code\CSharp\Vi\Help\Working\Output\HtmlHelp1\icons\pubevent.gif
C:\Program Files (x86)\EWSoftware\Sandcastle Help File Builder\PresentationStyles\VS2013\icons\pubextension.gif -&gt; C:\Vi\Code\CSharp\Vi\Help\Working\Output\HtmlHelp1\icons\pubextension.gif
C:\Program Files (x86)\EWSoftware\Sandcastle Help File Builder\PresentationStyles\VS2013\icons\pubfield.gif -&gt; C:\Vi\Code\CSharp\Vi\Help\Working\Output\HtmlHelp1\icons\pubfield.gif
C:\Program Files (x86)\EWSoftware\Sandcastle Help File Builder\PresentationStyles\VS2013\icons\pubinterface.gif -&gt; C:\Vi\Code\CSharp\Vi\Help\Working\Output\HtmlHelp1\icons\pubinterface.gif
C:\Program Files (x86)\EWSoftware\Sandcastle Help File Builder\PresentationStyles\VS2013\icons\pubmethod.gif -&gt; C:\Vi\Code\CSharp\Vi\Help\Working\Output\HtmlHelp1\icons\pubmethod.gif
C:\Program Files (x86)\EWSoftware\Sandcastle Help File Builder\PresentationStyles\VS2013\icons\puboperator.gif -&gt; C:\Vi\Code\CSharp\Vi\Help\Working\Output\HtmlHelp1\icons\puboperator.gif
C:\Program Files (x86)\EWSoftware\Sandcastle Help File Builder\PresentationStyles\VS2013\icons\pubproperty.gif -&gt; C:\Vi\Code\CSharp\Vi\Help\Working\Output\HtmlHelp1\icons\pubproperty.gif
C:\Program Files (x86)\EWSoftware\Sandcastle Help File Builder\PresentationStyles\VS2013\icons\pubstructure.gif -&gt; C:\Vi\Code\CSharp\Vi\Help\Working\Output\HtmlHelp1\icons\pubstructure.gif
C:\Program Files (x86)\EWSoftware\Sandcastle Help File Builder\PresentationStyles\VS2013\icons\SectionCollapsed.png -&gt; C:\Vi\Code\CSharp\Vi\Help\Working\Output\HtmlHelp1\icons\SectionCollapsed.png
C:\Program Files (x86)\EWSoftware\Sandcastle Help File Builder\PresentationStyles\VS2013\icons\SectionExpanded.png -&gt; C:\Vi\Code\CSharp\Vi\Help\Working\Output\HtmlHelp1\icons\SectionExpanded.png
C:\Program Files (x86)\EWSoftware\Sandcastle Help File Builder\PresentationStyles\VS2013\icons\slMobile.gif -&gt; C:\Vi\Code\CSharp\Vi\Help\Working\Output\HtmlHelp1\icons\slMobile.gif
C:\Program Files (x86)\EWSoftware\Sandcastle Help File Builder\PresentationStyles\VS2013\icons\static.gif -&gt; C:\Vi\Code\CSharp\Vi\Help\Working\Output\HtmlHelp1\icons\static.gif
C:\Program Files (x86)\EWSoftware\Sandcastle Help File Builder\PresentationStyles\VS2013\icons\xna.gif -&gt; C:\Vi\Code\CSharp\Vi\Help\Working\Output\HtmlHelp1\icons\xna.gif
C:\Program Files (x86)\EWSoftware\Sandcastle Help File Builder\PresentationStyles\VS2013\scripts\branding.js -&gt; C:\Vi\Code\CSharp\Vi\Help\Working\Output\HtmlHelp1\scripts\branding.js
C:\Program Files (x86)\EWSoftware\Sandcastle Help File Builder\PresentationStyles\VS2013\styles\branding-cs-CZ.css -&gt; C:\Vi\Code\CSharp\Vi\Help\Working\Output\HtmlHelp1\styles\branding-cs-CZ.css
C:\Program Files (x86)\EWSoftware\Sandcastle Help File Builder\PresentationStyles\VS2013\styles\branding-de-DE.css -&gt; C:\Vi\Code\CSharp\Vi\Help\Working\Output\HtmlHelp1\styles\branding-de-DE.css
C:\Program Files (x86)\EWSoftware\Sandcastle Help File Builder\PresentationStyles\VS2013\styles\branding-en-US.css -&gt; C:\Vi\Code\CSharp\Vi\Help\Working\Output\HtmlHelp1\styles\branding-en-US.css
C:\Program Files (x86)\EWSoftware\Sandcastle Help File Builder\PresentationStyles\VS2013\styles\branding-es-ES.css -&gt; C:\Vi\Code\CSharp\Vi\Help\Working\Output\HtmlHelp1\styles\branding-es-ES.css
C:\Program Files (x86)\EWSoftware\Sandcastle Help File Builder\PresentationStyles\VS2013\styles\branding-fr-FR.css -&gt; C:\Vi\Code\CSharp\Vi\Help\Working\Output\HtmlHelp1\styles\branding-fr-FR.css
C:\Program Files (x86)\EWSoftware\Sandcastle Help File Builder\PresentationStyles\VS2013\styles\branding-Help1.css -&gt; C:\Vi\Code\CSharp\Vi\Help\Working\Output\HtmlHelp1\styles\branding-Help1.css
C:\Program Files (x86)\EWSoftware\Sandcastle Help File Builder\PresentationStyles\VS2013\styles\branding-Help2.css -&gt; C:\Vi\Code\CSharp\Vi\Help\Working\Output\HtmlHelp1\styles\branding-Help2.css
C:\Program Files (x86)\EWSoftware\Sandcastle Help File Builder\PresentationStyles\VS2013\styles\branding-HelpViewer.css -&gt; C:\Vi\Code\CSharp\Vi\Help\Working\Output\HtmlHelp1\styles\branding-HelpViewer.css
C:\Program Files (x86)\EWSoftware\Sandcastle Help File Builder\PresentationStyles\VS2013\styles\branding-it-IT.css -&gt; C:\Vi\Code\CSharp\Vi\Help\Working\Output\HtmlHelp1\styles\branding-it-IT.css
C:\Program Files (x86)\EWSoftware\Sandcastle Help File Builder\PresentationStyles\VS2013\styles\branding-ja-JP.css -&gt; C:\Vi\Code\CSharp\Vi\Help\Working\Output\HtmlHelp1\styles\branding-ja-JP.css
C:\Program Files (x86)\EWSoftware\Sandcastle Help File Builder\PresentationStyles\VS2013\styles\branding-ko-KR.css -&gt; C:\Vi\Code\CSharp\Vi\Help\Working\Output\HtmlHelp1\styles\branding-ko-KR.css
C:\Program Files (x86)\EWSoftware\Sandcastle Help File Builder\PresentationStyles\VS2013\styles\branding-pl-PL.css -&gt; C:\Vi\Code\CSharp\Vi\Help\Working\Output\HtmlHelp1\styles\branding-pl-PL.css
C:\Program Files (x86)\EWSoftware\Sandcastle Help File Builder\PresentationStyles\VS2013\styles\branding-pt-BR.css -&gt; C:\Vi\Code\CSharp\Vi\Help\Working\Output\HtmlHelp1\styles\branding-pt-BR.css
C:\Program Files (x86)\EWSoftware\Sandcastle Help File Builder\PresentationStyles\VS2013\styles\branding-ru-RU.css -&gt; C:\Vi\Code\CSharp\Vi\Help\Working\Output\HtmlHelp1\styles\branding-ru-RU.css
C:\Program Files (x86)\EWSoftware\Sandcastle Help File Builder\PresentationStyles\VS2013\styles\branding-tr-TR.css -&gt; C:\Vi\Code\CSharp\Vi\Help\Working\Output\HtmlHelp1\styles\branding-tr-TR.css
C:\Program Files (x86)\EWSoftware\Sandcastle Help File Builder\PresentationStyles\VS2013\styles\branding-Website.css -&gt; C:\Vi\Code\CSharp\Vi\Help\Working\Output\HtmlHelp1\styles\branding-Website.css
C:\Program Files (x86)\EWSoftware\Sandcastle Help File Builder\PresentationStyles\VS2013\styles\branding-zh-CN.css -&gt; C:\Vi\Code\CSharp\Vi\Help\Working\Output\HtmlHelp1\styles\branding-zh-CN.css
C:\Program Files (x86)\EWSoftware\Sandcastle Help File Builder\PresentationStyles\VS2013\styles\branding-zh-TW.css -&gt; C:\Vi\Code\CSharp\Vi\Help\Working\Output\HtmlHelp1\styles\branding-zh-TW.css
C:\Program Files (x86)\EWSoftware\Sandcastle Help File Builder\PresentationStyles\VS2013\styles\branding.css -&gt; C:\Vi\Code\CSharp\Vi\Help\Working\Output\HtmlHelp1\styles\branding.css
C:\Program Files (x86)\EWSoftware\Sandcastle Help File Builder\PresentationStyles\VS2013\icons\AlertCaution.png -&gt; C:\Vi\Code\CSharp\Vi\Help\Working\Output\Website\icons\AlertCaution.png
C:\Program Files (x86)\EWSoftware\Sandcastle Help File Builder\PresentationStyles\VS2013\icons\AlertNote.png -&gt; C:\Vi\Code\CSharp\Vi\Help\Working\Output\Website\icons\AlertNote.png
C:\Program Files (x86)\EWSoftware\Sandcastle Help File Builder\PresentationStyles\VS2013\icons\AlertSecurity.png -&gt; C:\Vi\Code\CSharp\Vi\Help\Working\Output\Website\icons\AlertSecurity.png
C:\Program Files (x86)\EWSoftware\Sandcastle Help File Builder\PresentationStyles\VS2013\icons\CFW.gif -&gt; C:\Vi\Code\CSharp\Vi\Help\Working\Output\Website\icons\CFW.gif
C:\Program Files (x86)\EWSoftware\Sandcastle Help File Builder\PresentationStyles\VS2013\icons\CodeExample.png -&gt; C:\Vi\Code\CSharp\Vi\Help\Working\Output\Website\icons\CodeExample.png
C:\Program Files (x86)\EWSoftware\Sandcastle Help File Builder\PresentationStyles\VS2013\icons\favicon.ico -&gt; C:\Vi\Code\CSharp\Vi\Help\Working\Output\Website\icons\favicon.ico
C:\Program Files (x86)\EWSoftware\Sandcastle Help File Builder\PresentationStyles\VS2013\icons\privclass.gif -&gt; C:\Vi\Code\CSharp\Vi\Help\Working\Output\Website\icons\privclass.gif
C:\Program Files (x86)\EWSoftware\Sandcastle Help File Builder\PresentationStyles\VS2013\icons\privdelegate.gif -&gt; C:\Vi\Code\CSharp\Vi\Help\Working\Output\Website\icons\privdelegate.gif
C:\Program Files (x86)\EWSoftware\Sandcastle Help File Builder\PresentationStyles\VS2013\icons\privenumeration.gif -&gt; C:\Vi\Code\CSharp\Vi\Help\Working\Output\Website\icons\privenumeration.gif
C:\Program Files (x86)\EWSoftware\Sandcastle Help File Builder\PresentationStyles\VS2013\icons\privevent.gif -&gt; C:\Vi\Code\CSharp\Vi\Help\Working\Output\Website\icons\privevent.gif
C:\Program Files (x86)\EWSoftware\Sandcastle Help File Builder\PresentationStyles\VS2013\icons\privextension.gif -&gt; C:\Vi\Code\CSharp\Vi\Help\Working\Output\Website\icons\privextension.gif
C:\Program Files (x86)\EWSoftware\Sandcastle Help File Builder\PresentationStyles\VS2013\icons\privfield.gif -&gt; C:\Vi\Code\CSharp\Vi\Help\Working\Output\Website\icons\privfield.gif
C:\Program Files (x86)\EWSoftware\Sandcastle Help File Builder\PresentationStyles\VS2013\icons\privinterface.gif -&gt; C:\Vi\Code\CSharp\Vi\Help\Working\Output\Website\icons\privinterface.gif
C:\Program Files (x86)\EWSoftware\Sandcastle Help File Builder\PresentationStyles\VS2013\icons\privmethod.gif -&gt; C:\Vi\Code\CSharp\Vi\Help\Working\Output\Website\icons\privmethod.gif
C:\Program Files (x86)\EWSoftware\Sandcastle Help File Builder\PresentationStyles\VS2013\icons\privproperty.gif -&gt; C:\Vi\Code\CSharp\Vi\Help\Working\Output\Website\icons\privproperty.gif
C:\Program Files (x86)\EWSoftware\Sandcastle Help File Builder\PresentationStyles\VS2013\icons\privstructure.gif -&gt; C:\Vi\Code\CSharp\Vi\Help\Working\Output\Website\icons\privstructure.gif
C:\Program Files (x86)\EWSoftware\Sandcastle Help File Builder\PresentationStyles\VS2013\icons\protclass.gif -&gt; C:\Vi\Code\CSharp\Vi\Help\Working\Output\Website\icons\protclass.gif
C:\Program Files (x86)\EWSoftware\Sandcastle Help File Builder\PresentationStyles\VS2013\icons\protdelegate.gif -&gt; C:\Vi\Code\CSharp\Vi\Help\Working\Output\Website\icons\protdelegate.gif
C:\Program Files (x86)\EWSoftware\Sandcastle Help File Builder\PresentationStyles\VS2013\icons\protenumeration.gif -&gt; C:\Vi\Code\CSharp\Vi\Help\Working\Output\Website\icons\protenumeration.gif
C:\Program Files (x86)\EWSoftware\Sandcastle Help File Builder\PresentationStyles\VS2013\icons\protevent.gif -&gt; C:\Vi\Code\CSharp\Vi\Help\Working\Output\Website\icons\protevent.gif
C:\Program Files (x86)\EWSoftware\Sandcastle Help File Builder\PresentationStyles\VS2013\icons\protextension.gif -&gt; C:\Vi\Code\CSharp\Vi\Help\Working\Output\Website\icons\protextension.gif
C:\Program Files (x86)\EWSoftware\Sandcastle Help File Builder\PresentationStyles\VS2013\icons\protfield.gif -&gt; C:\Vi\Code\CSharp\Vi\Help\Working\Output\Website\icons\protfield.gif
C:\Program Files (x86)\EWSoftware\Sandcastle Help File Builder\PresentationStyles\VS2013\icons\protinterface.gif -&gt; C:\Vi\Code\CSharp\Vi\Help\Working\Output\Website\icons\protinterface.gif
C:\Program Files (x86)\EWSoftware\Sandcastle Help File Builder\PresentationStyles\VS2013\icons\protmethod.gif -&gt; C:\Vi\Code\CSharp\Vi\Help\Working\Output\Website\icons\protmethod.gif
C:\Program Files (x86)\EWSoftware\Sandcastle Help File Builder\PresentationStyles\VS2013\icons\protoperator.gif -&gt; C:\Vi\Code\CSharp\Vi\Help\Working\Output\Website\icons\protoperator.gif
C:\Program Files (x86)\EWSoftware\Sandcastle Help File Builder\PresentationStyles\VS2013\icons\protproperty.gif -&gt; C:\Vi\Code\CSharp\Vi\Help\Working\Output\Website\icons\protproperty.gif
C:\Program Files (x86)\EWSoftware\Sandcastle Help File Builder\PresentationStyles\VS2013\icons\protstructure.gif -&gt; C:\Vi\Code\CSharp\Vi\Help\Working\Output\Website\icons\protstructure.gif
C:\Program Files (x86)\EWSoftware\Sandcastle Help File Builder\PresentationStyles\VS2013\icons\pubclass.gif -&gt; C:\Vi\Code\CSharp\Vi\Help\Working\Output\Website\icons\pubclass.gif
C:\Program Files (x86)\EWSoftware\Sandcastle Help File Builder\PresentationStyles\VS2013\icons\pubdelegate.gif -&gt; C:\Vi\Code\CSharp\Vi\Help\Working\Output\Website\icons\pubdelegate.gif
C:\Program Files (x86)\EWSoftware\Sandcastle Help File Builder\PresentationStyles\VS2013\icons\pubenumeration.gif -&gt; C:\Vi\Code\CSharp\Vi\Help\Working\Output\Website\icons\pubenumeration.gif
C:\Program Files (x86)\EWSoftware\Sandcastle Help File Builder\PresentationStyles\VS2013\icons\pubevent.gif -&gt; C:\Vi\Code\CSharp\Vi\Help\Working\Output\Website\icons\pubevent.gif
C:\Program Files (x86)\EWSoftware\Sandcastle Help File Builder\PresentationStyles\VS2013\icons\pubextension.gif -&gt; C:\Vi\Code\CSharp\Vi\Help\Working\Output\Website\icons\pubextension.gif
C:\Program Files (x86)\EWSoftware\Sandcastle Help File Builder\PresentationStyles\VS2013\icons\pubfield.gif -&gt; C:\Vi\Code\CSharp\Vi\Help\Working\Output\Website\icons\pubfield.gif
C:\Program Files (x86)\EWSoftware\Sandcastle Help File Builder\PresentationStyles\VS2013\icons\pubinterface.gif -&gt; C:\Vi\Code\CSharp\Vi\Help\Working\Output\Website\icons\pubinterface.gif
C:\Program Files (x86)\EWSoftware\Sandcastle Help File Builder\PresentationStyles\VS2013\icons\pubmethod.gif -&gt; C:\Vi\Code\CSharp\Vi\Help\Working\Output\Website\icons\pubmethod.gif
C:\Program Files (x86)\EWSoftware\Sandcastle Help File Builder\PresentationStyles\VS2013\icons\puboperator.gif -&gt; C:\Vi\Code\CSharp\Vi\Help\Working\Output\Website\icons\puboperator.gif
C:\Program Files (x86)\EWSoftware\Sandcastle Help File Builder\PresentationStyles\VS2013\icons\pubproperty.gif -&gt; C:\Vi\Code\CSharp\Vi\Help\Working\Output\Website\icons\pubproperty.gif
C:\Program Files (x86)\EWSoftware\Sandcastle Help File Builder\PresentationStyles\VS2013\icons\pubstructure.gif -&gt; C:\Vi\Code\CSharp\Vi\Help\Working\Output\Website\icons\pubstructure.gif
C:\Program Files (x86)\EWSoftware\Sandcastle Help File Builder\PresentationStyles\VS2013\icons\SectionCollapsed.png -&gt; C:\Vi\Code\CSharp\Vi\Help\Working\Output\Website\icons\SectionCollapsed.png
C:\Program Files (x86)\EWSoftware\Sandcastle Help File Builder\PresentationStyles\VS2013\icons\SectionExpanded.png -&gt; C:\Vi\Code\CSharp\Vi\Help\Working\Output\Website\icons\SectionExpanded.png
C:\Program Files (x86)\EWSoftware\Sandcastle Help File Builder\PresentationStyles\VS2013\icons\slMobile.gif -&gt; C:\Vi\Code\CSharp\Vi\Help\Working\Output\Website\icons\slMobile.gif
C:\Program Files (x86)\EWSoftware\Sandcastle Help File Builder\PresentationStyles\VS2013\icons\static.gif -&gt; C:\Vi\Code\CSharp\Vi\Help\Working\Output\Website\icons\static.gif
C:\Program Files (x86)\EWSoftware\Sandcastle Help File Builder\PresentationStyles\VS2013\icons\xna.gif -&gt; C:\Vi\Code\CSharp\Vi\Help\Working\Output\Website\icons\xna.gif
C:\Program Files (x86)\EWSoftware\Sandcastle Help File Builder\PresentationStyles\VS2013\scripts\branding.js -&gt; C:\Vi\Code\CSharp\Vi\Help\Working\Output\Website\scripts\branding.js
C:\Program Files (x86)\EWSoftware\Sandcastle Help File Builder\PresentationStyles\VS2013\styles\branding-cs-CZ.css -&gt; C:\Vi\Code\CSharp\Vi\Help\Working\Output\Website\styles\branding-cs-CZ.css
C:\Program Files (x86)\EWSoftware\Sandcastle Help File Builder\PresentationStyles\VS2013\styles\branding-de-DE.css -&gt; C:\Vi\Code\CSharp\Vi\Help\Working\Output\Website\styles\branding-de-DE.css
C:\Program Files (x86)\EWSoftware\Sandcastle Help File Builder\PresentationStyles\VS2013\styles\branding-en-US.css -&gt; C:\Vi\Code\CSharp\Vi\Help\Working\Output\Website\styles\branding-en-US.css
C:\Program Files (x86)\EWSoftware\Sandcastle Help File Builder\PresentationStyles\VS2013\styles\branding-es-ES.css -&gt; C:\Vi\Code\CSharp\Vi\Help\Working\Output\Website\styles\branding-es-ES.css
C:\Program Files (x86)\EWSoftware\Sandcastle Help File Builder\PresentationStyles\VS2013\styles\branding-fr-FR.css -&gt; C:\Vi\Code\CSharp\Vi\Help\Working\Output\Website\styles\branding-fr-FR.css
C:\Program Files (x86)\EWSoftware\Sandcastle Help File Builder\PresentationStyles\VS2013\styles\branding-Help1.css -&gt; C:\Vi\Code\CSharp\Vi\Help\Working\Output\Website\styles\branding-Help1.css
C:\Program Files (x86)\EWSoftware\Sandcastle Help File Builder\PresentationStyles\VS2013\styles\branding-Help2.css -&gt; C:\Vi\Code\CSharp\Vi\Help\Working\Output\Website\styles\branding-Help2.css
C:\Program Files (x86)\EWSoftware\Sandcastle Help File Builder\PresentationStyles\VS2013\styles\branding-HelpViewer.css -&gt; C:\Vi\Code\CSharp\Vi\Help\Working\Output\Website\styles\branding-HelpViewer.css
C:\Program Files (x86)\EWSoftware\Sandcastle Help File Builder\PresentationStyles\VS2013\styles\branding-it-IT.css -&gt; C:\Vi\Code\CSharp\Vi\Help\Working\Output\Website\styles\branding-it-IT.css
C:\Program Files (x86)\EWSoftware\Sandcastle Help File Builder\PresentationStyles\VS2013\styles\branding-ja-JP.css -&gt; C:\Vi\Code\CSharp\Vi\Help\Working\Output\Website\styles\branding-ja-JP.css
C:\Program Files (x86)\EWSoftware\Sandcastle Help File Builder\PresentationStyles\VS2013\styles\branding-ko-KR.css -&gt; C:\Vi\Code\CSharp\Vi\Help\Working\Output\Website\styles\branding-ko-KR.css
C:\Program Files (x86)\EWSoftware\Sandcastle Help File Builder\PresentationStyles\VS2013\styles\branding-pl-PL.css -&gt; C:\Vi\Code\CSharp\Vi\Help\Working\Output\Website\styles\branding-pl-PL.css
C:\Program Files (x86)\EWSoftware\Sandcastle Help File Builder\PresentationStyles\VS2013\styles\branding-pt-BR.css -&gt; C:\Vi\Code\CSharp\Vi\Help\Working\Output\Website\styles\branding-pt-BR.css
C:\Program Files (x86)\EWSoftware\Sandcastle Help File Builder\PresentationStyles\VS2013\styles\branding-ru-RU.css -&gt; C:\Vi\Code\CSharp\Vi\Help\Working\Output\Website\styles\branding-ru-RU.css
C:\Program Files (x86)\EWSoftware\Sandcastle Help File Builder\PresentationStyles\VS2013\styles\branding-tr-TR.css -&gt; C:\Vi\Code\CSharp\Vi\Help\Working\Output\Website\styles\branding-tr-TR.css
C:\Program Files (x86)\EWSoftware\Sandcastle Help File Builder\PresentationStyles\VS2013\styles\branding-Website.css -&gt; C:\Vi\Code\CSharp\Vi\Help\Working\Output\Website\styles\branding-Website.css
C:\Program Files (x86)\EWSoftware\Sandcastle Help File Builder\PresentationStyles\VS2013\styles\branding-zh-CN.css -&gt; C:\Vi\Code\CSharp\Vi\Help\Working\Output\Website\styles\branding-zh-CN.css
C:\Program Files (x86)\EWSoftware\Sandcastle Help File Builder\PresentationStyles\VS2013\styles\branding-zh-TW.css -&gt; C:\Vi\Code\CSharp\Vi\Help\Working\Output\Website\styles\branding-zh-TW.css
C:\Program Files (x86)\EWSoftware\Sandcastle Help File Builder\PresentationStyles\VS2013\styles\branding.css -&gt; C:\Vi\Code\CSharp\Vi\Help\Working\Output\Website\styles\branding.css
C:\Program Files (x86)\EWSoftware\Sandcastle Help File Builder\PresentationStyles\VS2013\Web\index.html -&gt; C:\Vi\Code\CSharp\Vi\Help\Working\Output\Website\index.html
C:\Program Files (x86)\EWSoftware\Sandcastle Help File Builder\PresentationStyles\VS2013\Web\search.html -&gt; C:\Vi\Code\CSharp\Vi\Help\Working\Output\Website\search.html
C:\Program Files (x86)\EWSoftware\Sandcastle Help File Builder\PresentationStyles\VS2013\Web\SearchHelp.aspx -&gt; C:\Vi\Code\CSharp\Vi\Help\Working\Output\Website\SearchHelp.aspx
C:\Program Files (x86)\EWSoftware\Sandcastle Help File Builder\PresentationStyles\VS2013\Web\SearchHelp.inc.php -&gt; C:\Vi\Code\CSharp\Vi\Help\Working\Output\Website\SearchHelp.inc.php
C:\Program Files (x86)\EWSoftware\Sandcastle Help File Builder\PresentationStyles\VS2013\Web\SearchHelp.php -&gt; C:\Vi\Code\CSharp\Vi\Help\Working\Output\Website\SearchHelp.php
C:\Program Files (x86)\EWSoftware\Sandcastle Help File Builder\PresentationStyles\VS2013\Web\Web.Config -&gt; C:\Vi\Code\CSharp\Vi\Help\Working\Output\Website\Web.Config
C:\Program Files (x86)\EWSoftware\Sandcastle Help File Builder\PresentationStyles\VS2013\Web\icons\Search.png -&gt; C:\Vi\Code\CSharp\Vi\Help\Working\Output\Website\icons\Search.png
C:\Program Files (x86)\EWSoftware\Sandcastle Help File Builder\PresentationStyles\VS2013\Web\icons\TocClose.gif -&gt; C:\Vi\Code\CSharp\Vi\Help\Working\Output\Website\icons\TocClose.gif
C:\Program Files (x86)\EWSoftware\Sandcastle Help File Builder\PresentationStyles\VS2013\Web\icons\TocCollapsed.gif -&gt; C:\Vi\Code\CSharp\Vi\Help\Working\Output\Website\icons\TocCollapsed.gif
C:\Program Files (x86)\EWSoftware\Sandcastle Help File Builder\PresentationStyles\VS2013\Web\icons\TocExpanded.gif -&gt; C:\Vi\Code\CSharp\Vi\Help\Working\Output\Website\icons\TocExpanded.gif
C:\Program Files (x86)\EWSoftware\Sandcastle Help File Builder\PresentationStyles\VS2013\Web\icons\TocOpen.gif -&gt; C:\Vi\Code\CSharp\Vi\Help\Working\Output\Website\icons\TocOpen.gif
C:\Program Files (x86)\EWSoftware\Sandcastle Help File Builder\PresentationStyles\VS2013\Web\scripts\branding-Website.js -&gt; C:\Vi\Code\CSharp\Vi\Help\Working\Output\Website\scripts\branding-Website.js
C:\Program Files (x86)\EWSoftware\Sandcastle Help File Builder\PresentationStyles\VS2013\Web\scripts\jquery-1.11.0.min.js -&gt; C:\Vi\Code\CSharp\Vi\Help\Working\Output\Website\scripts\jquery-1.11.0.min.js
    Last step completed in 00:00:00.7069
</buildStep>
<buildStep step="GenerateHelpFormatTableOfContents">
Generating HTML Help 1 table of contents file...
    Last step completed in 00:00:00.0030
</buildStep>
<buildStep step="GenerateHelpFileIndex">
Generating HTML Help 1 index file...
    Last step completed in 00:00:00.0036
</buildStep>
<buildStep step="GenerateHelpProject">
Generating HTML Help 1 project file...
    Last step completed in 00:00:00.0117
</buildStep>
<buildStep step="CompilingHelpFile">
Compiling HTML Help 1 file...
[C:\Windows\Microsoft.NET\Framework64\v4.0.30319\MSBuild.exe]
  Microsoft HTML Help Compiler 4.74.8702
  
  
  
  Compiling c:\Vi\Code\CSharp\Vi\Help\Working\Output\HtmlHelp1\Documentation.chm
  
  
  
  
  
  Compile time: 0 minutes, 3 seconds
  
  126	Topics
  
  1,239	Local links
  
  216	Internet links
  
  0	Graphics
  
  
  
  
  
  Created c:\Vi\Code\CSharp\Vi\Help\Working\Output\HtmlHelp1\Documentation.chm, 362,528 bytes
  
  Compression decreased file by 1,000,427 bytes.
  
    Last step completed in 00:00:04.2415
</buildStep>
<buildStep step="GenerateHelpFormatTableOfContents">
Generating website table of contents file...
    Last step completed in 00:00:00.0030
</buildStep>
<buildStep step="GenerateFullTextIndex">
Generating full-text index for the website...

<plugIn name="Lightweight Website Style" behavior="After" priority="1000">
Adding lightweight search and TOC elements to each topic...
</plugIn>    Last step completed in 00:00:02.3351
</buildStep>
<buildStep step="CopyingWebsiteFiles">
Copying website files to output folder...

Copied 100 files
Copied 200 files
Copied 279 files for the website content
    Last step completed in 00:00:00.5640
</buildStep>
<buildStep step="CleanIntermediates">
Removing intermediate files...
    Last step completed in 00:00:00.3825
</buildStep>
<buildStep step="Completed">

Build completed successfully at 01/10/2016 19:55:47.  Total time: 00:00:35.0005

</buildStep>
</shfbBuild>
